This file contains any messages produced by compilers while
running configure, to aid debugging if configure makes a mistake.

It was created by configure, which was
generated by GNU Autoconf 2.59.  Invocation command line was

  $ ./configure --disable-shared --host arm-apple-darwin --prefix=/Users/QbsuranAlang/Desktop/libnids/build/built/iPhoneOS8.3-arm64.sdk --with-libpcap=/Users/QbsuranAlang/Desktop/libnids/libpcap-1.6.2 --with-libnet=/Users/QbsuranAlang/Desktop/libnids/libnet-1.2-rc3 CC=/Applications/Xcode.app/Contents/Developer/usr/bin/gcc LDFLAGS= -arch arm64 -fPIE -miphoneos-version-min=6.0  CFLAGS= -g -O0 -D__APPLE_USE_RFC_3542 -arch arm64 -fPIE -miphoneos-version-min=6.0  -I/Users/QbsuranAlang/Desktop/libnids/dependencies/iPhoneOS/include -isysroot /Applications/Xcode.app/Contents/Developer/Platforms/iPhoneOS.platform/Developer/SDKs/iPhoneOS8.3.sdk

## --------- ##
## Platform. ##
## --------- ##

hostname = TU-MacBook-Pro-Retina.local
uname -m = x86_64
uname -r = 14.4.0
uname -s = Darwin
uname -v = Darwin Kernel Version 14.4.0: Thu May 28 11:35:04 PDT 2015; root:xnu-2782.30.5~1/RELEASE_X86_64

/usr/bin/uname -p = i386
/bin/uname -X     = unknown

/bin/arch              = unknown
/usr/bin/arch -k       = unknown
/usr/convex/getsysinfo = unknown
hostinfo               = Mach kernel version:
	 Darwin Kernel Version 14.4.0: Thu May 28 11:35:04 PDT 2015; root:xnu-2782.30.5~1/RELEASE_X86_64
Kernel configured for up to 4 processors.
2 processors are physically available.
4 processors are logically available.
Processor type: x86_64h (Intel x86-64h Haswell)
Processors active: 0 1 2 3
Primary memory available: 16.00 gigabytes
Default processor set: 250 tasks, 1220 threads, 4 processors
Load average: 3.32, Mach factor: 1.05
/bin/machine           = unknown
/usr/bin/oslevel       = unknown
/bin/universe          = unknown

PATH: /Users/QbsuranAlang/.rvm/gems/ruby-2.1.5/bin
PATH: /Users/QbsuranAlang/.rvm/gems/ruby-2.1.5@global/bin
PATH: /Users/QbsuranAlang/.rvm/rubies/ruby-2.1.5/bin
PATH: /Users/QbsuranAlang/bin
PATH: /usr/local/bin
PATH: /usr/local/sbin
PATH: /opt/local/bin
PATH: /opt/local/sbin
PATH: /Library/Frameworks/Python.framework/Versions/3.4/bin
PATH: /usr/local/bin
PATH: /usr/bin
PATH: /bin
PATH: /usr/sbin
PATH: /sbin
PATH: /opt/X11/bin
PATH: /usr/local/share/metasploit-framework
PATH: /opt/iOSOpenDev/bin
PATH: /opt/theos/bin
PATH: /Users/QbsuranAlang/.rvm/bin


## ----------- ##
## Core tests. ##
## ----------- ##

configure:1364: checking build system type
configure:1382: result: i386-apple-darwin14.4.0
configure:1390: checking host system type
configure:1404: result: arm-apple-darwin
configure:1412: checking target system type
configure:1426: result: arm-apple-darwin
configure:1460: checking for arm-apple-darwin-gcc
configure:1486: result: /Applications/Xcode.app/Contents/Developer/usr/bin/gcc
configure:1768: checking for C compiler version
configure:1771: /Applications/Xcode.app/Contents/Developer/usr/bin/gcc --version </dev/null >&5
Configured with: --prefix=/Applications/Xcode.app/Contents/Developer/usr --with-gxx-include-dir=/usr/include/c++/4.2.1
Apple LLVM version 6.1.0 (clang-602.0.53) (based on LLVM 3.6.0svn)
Target: x86_64-apple-darwin14.4.0
Thread model: posix
configure:1774: $? = 0
configure:1776: /Applications/Xcode.app/Contents/Developer/usr/bin/gcc -v </dev/null >&5
Configured with: --prefix=/Applications/Xcode.app/Contents/Developer/usr --with-gxx-include-dir=/usr/include/c++/4.2.1
Apple LLVM version 6.1.0 (clang-602.0.53) (based on LLVM 3.6.0svn)
Target: x86_64-apple-darwin14.4.0
Thread model: posix
configure:1779: $? = 0
configure:1781: /Applications/Xcode.app/Contents/Developer/usr/bin/gcc -V </dev/null >&5
clang: error: argument to '-V' is missing (expected 1 value)
clang: error: no input files
configure:1784: $? = 1
configure:1807: checking for C compiler default output file name
configure:1810: /Applications/Xcode.app/Contents/Developer/usr/bin/gcc  -g -O0 -D__APPLE_USE_RFC_3542 -arch arm64 -fPIE -miphoneos-version-min=6.0  -I/Users/QbsuranAlang/Desktop/libnids/dependencies/iPhoneOS/include -isysroot /Applications/Xcode.app/Contents/Developer/Platforms/iPhoneOS.platform/Developer/SDKs/iPhoneOS8.3.sdk   -arch arm64 -fPIE -miphoneos-version-min=6.0  conftest.c  >&5
configure:1813: $? = 0
configure:1859: result: a.out
configure:1864: checking whether the C compiler works
configure:1870: ./a.out
./configure: line 1871: ./a.out: Bad CPU type in executable
configure:1873: $? = 126
configure:1890: result: yes
configure:1897: checking whether we are cross compiling
configure:1899: result: yes
configure:1902: checking for suffix of executables
configure:1904: /Applications/Xcode.app/Contents/Developer/usr/bin/gcc -o conftest  -g -O0 -D__APPLE_USE_RFC_3542 -arch arm64 -fPIE -miphoneos-version-min=6.0  -I/Users/QbsuranAlang/Desktop/libnids/dependencies/iPhoneOS/include -isysroot /Applications/Xcode.app/Contents/Developer/Platforms/iPhoneOS.platform/Developer/SDKs/iPhoneOS8.3.sdk   -arch arm64 -fPIE -miphoneos-version-min=6.0  conftest.c  >&5
configure:1907: $? = 0
configure:1932: result: 
configure:1938: checking for suffix of object files
configure:1959: /Applications/Xcode.app/Contents/Developer/usr/bin/gcc -c  -g -O0 -D__APPLE_USE_RFC_3542 -arch arm64 -fPIE -miphoneos-version-min=6.0  -I/Users/QbsuranAlang/Desktop/libnids/dependencies/iPhoneOS/include -isysroot /Applications/Xcode.app/Contents/Developer/Platforms/iPhoneOS.platform/Developer/SDKs/iPhoneOS8.3.sdk  conftest.c >&5
configure:1962: $? = 0
configure:1984: result: o
configure:1988: checking whether we are using the GNU C compiler
configure:2012: /Applications/Xcode.app/Contents/Developer/usr/bin/gcc -c  -g -O0 -D__APPLE_USE_RFC_3542 -arch arm64 -fPIE -miphoneos-version-min=6.0  -I/Users/QbsuranAlang/Desktop/libnids/dependencies/iPhoneOS/include -isysroot /Applications/Xcode.app/Contents/Developer/Platforms/iPhoneOS.platform/Developer/SDKs/iPhoneOS8.3.sdk  conftest.c >&5
configure:2018: $? = 0
configure:2021: test -z 			 || test ! -s conftest.err
configure:2024: $? = 0
configure:2027: test -s conftest.o
configure:2030: $? = 0
configure:2043: result: yes
configure:2049: checking whether /Applications/Xcode.app/Contents/Developer/usr/bin/gcc accepts -g
configure:2070: /Applications/Xcode.app/Contents/Developer/usr/bin/gcc -c -g  conftest.c >&5
configure:2076: $? = 0
configure:2079: test -z 			 || test ! -s conftest.err
configure:2082: $? = 0
configure:2085: test -s conftest.o
configure:2088: $? = 0
configure:2099: result: yes
configure:2116: checking for /Applications/Xcode.app/Contents/Developer/usr/bin/gcc option to accept ANSI C
configure:2186: /Applications/Xcode.app/Contents/Developer/usr/bin/gcc  -c  -g -O0 -D__APPLE_USE_RFC_3542 -arch arm64 -fPIE -miphoneos-version-min=6.0  -I/Users/QbsuranAlang/Desktop/libnids/dependencies/iPhoneOS/include -isysroot /Applications/Xcode.app/Contents/Developer/Platforms/iPhoneOS.platform/Developer/SDKs/iPhoneOS8.3.sdk  conftest.c >&5
configure:2192: $? = 0
configure:2195: test -z 			 || test ! -s conftest.err
configure:2198: $? = 0
configure:2201: test -s conftest.o
configure:2204: $? = 0
configure:2222: result: none needed
configure:2240: /Applications/Xcode.app/Contents/Developer/usr/bin/gcc -c  -g -O0 -D__APPLE_USE_RFC_3542 -arch arm64 -fPIE -miphoneos-version-min=6.0  -I/Users/QbsuranAlang/Desktop/libnids/dependencies/iPhoneOS/include -isysroot /Applications/Xcode.app/Contents/Developer/Platforms/iPhoneOS.platform/Developer/SDKs/iPhoneOS8.3.sdk  conftest.c >&5
conftest.c:2:3: error: unknown type name 'choke'
  choke me
  ^
conftest.c:2:11: error: expected ';' after top level declarator
  choke me
          ^
          ;
2 errors generated.
configure:2246: $? = 1
configure: failed program was:
| #ifndef __cplusplus
|   choke me
| #endif
configure:2379: checking for arm-apple-darwin-ranlib
configure:2408: result: no
configure:2417: checking for ranlib
configure:2433: found /usr/bin/ranlib
configure:2444: result: ranlib
configure:2469: checking for a BSD-compatible install
configure:2524: result: /usr/bin/install -c
configure:2542: checking how to run the C preprocessor
configure:2577: /Applications/Xcode.app/Contents/Developer/usr/bin/gcc -E  conftest.c
configure:2583: $? = 0
configure:2615: /Applications/Xcode.app/Contents/Developer/usr/bin/gcc -E  conftest.c
conftest.c:9:10: fatal error: 'ac_nonexistent.h' file not found
#include <ac_nonexistent.h>
         ^
1 error generated.
configure:2621: $? = 1
configure: failed program was:
| /* confdefs.h.  */
| 
| #define PACKAGE_NAME ""
| #define PACKAGE_TARNAME ""
| #define PACKAGE_VERSION ""
| #define PACKAGE_STRING ""
| #define PACKAGE_BUGREPORT ""
| /* end confdefs.h.  */
| #include <ac_nonexistent.h>
configure:2660: result: /Applications/Xcode.app/Contents/Developer/usr/bin/gcc -E
configure:2684: /Applications/Xcode.app/Contents/Developer/usr/bin/gcc -E  conftest.c
configure:2690: $? = 0
configure:2722: /Applications/Xcode.app/Contents/Developer/usr/bin/gcc -E  conftest.c
conftest.c:9:10: fatal error: 'ac_nonexistent.h' file not found
#include <ac_nonexistent.h>
         ^
1 error generated.
configure:2728: $? = 1
configure: failed program was:
| /* confdefs.h.  */
| 
| #define PACKAGE_NAME ""
| #define PACKAGE_TARNAME ""
| #define PACKAGE_VERSION ""
| #define PACKAGE_STRING ""
| #define PACKAGE_BUGREPORT ""
| /* end confdefs.h.  */
| #include <ac_nonexistent.h>
configure:2772: checking for egrep
configure:2782: result: grep -E
configure:2787: checking for ANSI C header files
configure:2812: /Applications/Xcode.app/Contents/Developer/usr/bin/gcc -c  -g -O0 -D__APPLE_USE_RFC_3542 -arch arm64 -fPIE -miphoneos-version-min=6.0  -I/Users/QbsuranAlang/Desktop/libnids/dependencies/iPhoneOS/include -isysroot /Applications/Xcode.app/Contents/Developer/Platforms/iPhoneOS.platform/Developer/SDKs/iPhoneOS8.3.sdk  conftest.c >&5
configure:2818: $? = 0
configure:2821: test -z 			 || test ! -s conftest.err
configure:2824: $? = 0
configure:2827: test -s conftest.o
configure:2830: $? = 0
configure:2942: result: yes
configure:2966: checking for sys/types.h
configure:2982: /Applications/Xcode.app/Contents/Developer/usr/bin/gcc -c  -g -O0 -D__APPLE_USE_RFC_3542 -arch arm64 -fPIE -miphoneos-version-min=6.0  -I/Users/QbsuranAlang/Desktop/libnids/dependencies/iPhoneOS/include -isysroot /Applications/Xcode.app/Contents/Developer/Platforms/iPhoneOS.platform/Developer/SDKs/iPhoneOS8.3.sdk  conftest.c >&5
configure:2988: $? = 0
configure:2991: test -z 			 || test ! -s conftest.err
configure:2994: $? = 0
configure:2997: test -s conftest.o
configure:3000: $? = 0
configure:3011: result: yes
configure:2966: checking for sys/stat.h
configure:2982: /Applications/Xcode.app/Contents/Developer/usr/bin/gcc -c  -g -O0 -D__APPLE_USE_RFC_3542 -arch arm64 -fPIE -miphoneos-version-min=6.0  -I/Users/QbsuranAlang/Desktop/libnids/dependencies/iPhoneOS/include -isysroot /Applications/Xcode.app/Contents/Developer/Platforms/iPhoneOS.platform/Developer/SDKs/iPhoneOS8.3.sdk  conftest.c >&5
configure:2988: $? = 0
configure:2991: test -z 			 || test ! -s conftest.err
configure:2994: $? = 0
configure:2997: test -s conftest.o
configure:3000: $? = 0
configure:3011: result: yes
configure:2966: checking for stdlib.h
configure:2982: /Applications/Xcode.app/Contents/Developer/usr/bin/gcc -c  -g -O0 -D__APPLE_USE_RFC_3542 -arch arm64 -fPIE -miphoneos-version-min=6.0  -I/Users/QbsuranAlang/Desktop/libnids/dependencies/iPhoneOS/include -isysroot /Applications/Xcode.app/Contents/Developer/Platforms/iPhoneOS.platform/Developer/SDKs/iPhoneOS8.3.sdk  conftest.c >&5
configure:2988: $? = 0
configure:2991: test -z 			 || test ! -s conftest.err
configure:2994: $? = 0
configure:2997: test -s conftest.o
configure:3000: $? = 0
configure:3011: result: yes
configure:2966: checking for string.h
configure:2982: /Applications/Xcode.app/Contents/Developer/usr/bin/gcc -c  -g -O0 -D__APPLE_USE_RFC_3542 -arch arm64 -fPIE -miphoneos-version-min=6.0  -I/Users/QbsuranAlang/Desktop/libnids/dependencies/iPhoneOS/include -isysroot /Applications/Xcode.app/Contents/Developer/Platforms/iPhoneOS.platform/Developer/SDKs/iPhoneOS8.3.sdk  conftest.c >&5
configure:2988: $? = 0
configure:2991: test -z 			 || test ! -s conftest.err
configure:2994: $? = 0
configure:2997: test -s conftest.o
configure:3000: $? = 0
configure:3011: result: yes
configure:2966: checking for memory.h
configure:2982: /Applications/Xcode.app/Contents/Developer/usr/bin/gcc -c  -g -O0 -D__APPLE_USE_RFC_3542 -arch arm64 -fPIE -miphoneos-version-min=6.0  -I/Users/QbsuranAlang/Desktop/libnids/dependencies/iPhoneOS/include -isysroot /Applications/Xcode.app/Contents/Developer/Platforms/iPhoneOS.platform/Developer/SDKs/iPhoneOS8.3.sdk  conftest.c >&5
configure:2988: $? = 0
configure:2991: test -z 			 || test ! -s conftest.err
configure:2994: $? = 0
configure:2997: test -s conftest.o
configure:3000: $? = 0
configure:3011: result: yes
configure:2966: checking for strings.h
configure:2982: /Applications/Xcode.app/Contents/Developer/usr/bin/gcc -c  -g -O0 -D__APPLE_USE_RFC_3542 -arch arm64 -fPIE -miphoneos-version-min=6.0  -I/Users/QbsuranAlang/Desktop/libnids/dependencies/iPhoneOS/include -isysroot /Applications/Xcode.app/Contents/Developer/Platforms/iPhoneOS.platform/Developer/SDKs/iPhoneOS8.3.sdk  conftest.c >&5
configure:2988: $? = 0
configure:2991: test -z 			 || test ! -s conftest.err
configure:2994: $? = 0
configure:2997: test -s conftest.o
configure:3000: $? = 0
configure:3011: result: yes
configure:2966: checking for inttypes.h
configure:2982: /Applications/Xcode.app/Contents/Developer/usr/bin/gcc -c  -g -O0 -D__APPLE_USE_RFC_3542 -arch arm64 -fPIE -miphoneos-version-min=6.0  -I/Users/QbsuranAlang/Desktop/libnids/dependencies/iPhoneOS/include -isysroot /Applications/Xcode.app/Contents/Developer/Platforms/iPhoneOS.platform/Developer/SDKs/iPhoneOS8.3.sdk  conftest.c >&5
configure:2988: $? = 0
configure:2991: test -z 			 || test ! -s conftest.err
configure:2994: $? = 0
configure:2997: test -s conftest.o
configure:3000: $? = 0
configure:3011: result: yes
configure:2966: checking for stdint.h
configure:2982: /Applications/Xcode.app/Contents/Developer/usr/bin/gcc -c  -g -O0 -D__APPLE_USE_RFC_3542 -arch arm64 -fPIE -miphoneos-version-min=6.0  -I/Users/QbsuranAlang/Desktop/libnids/dependencies/iPhoneOS/include -isysroot /Applications/Xcode.app/Contents/Developer/Platforms/iPhoneOS.platform/Developer/SDKs/iPhoneOS8.3.sdk  conftest.c >&5
configure:2988: $? = 0
configure:2991: test -z 			 || test ! -s conftest.err
configure:2994: $? = 0
configure:2997: test -s conftest.o
configure:3000: $? = 0
configure:3011: result: yes
configure:2966: checking for unistd.h
configure:2982: /Applications/Xcode.app/Contents/Developer/usr/bin/gcc -c  -g -O0 -D__APPLE_USE_RFC_3542 -arch arm64 -fPIE -miphoneos-version-min=6.0  -I/Users/QbsuranAlang/Desktop/libnids/dependencies/iPhoneOS/include -isysroot /Applications/Xcode.app/Contents/Developer/Platforms/iPhoneOS.platform/Developer/SDKs/iPhoneOS8.3.sdk  conftest.c >&5
configure:2988: $? = 0
configure:2991: test -z 			 || test ! -s conftest.err
configure:2994: $? = 0
configure:2997: test -s conftest.o
configure:3000: $? = 0
configure:3011: result: yes
configure:3039: checking sys/time.h usability
configure:3051: /Applications/Xcode.app/Contents/Developer/usr/bin/gcc -c  -g -O0 -D__APPLE_USE_RFC_3542 -arch arm64 -fPIE -miphoneos-version-min=6.0  -I/Users/QbsuranAlang/Desktop/libnids/dependencies/iPhoneOS/include -isysroot /Applications/Xcode.app/Contents/Developer/Platforms/iPhoneOS.platform/Developer/SDKs/iPhoneOS8.3.sdk  conftest.c >&5
configure:3057: $? = 0
configure:3060: test -z 			 || test ! -s conftest.err
configure:3063: $? = 0
configure:3066: test -s conftest.o
configure:3069: $? = 0
configure:3079: result: yes
configure:3083: checking sys/time.h presence
configure:3093: /Applications/Xcode.app/Contents/Developer/usr/bin/gcc -E  conftest.c
configure:3099: $? = 0
configure:3119: result: yes
configure:3154: checking for sys/time.h
configure:3161: result: yes
configure:3039: checking syslog.h usability
configure:3051: /Applications/Xcode.app/Contents/Developer/usr/bin/gcc -c  -g -O0 -D__APPLE_USE_RFC_3542 -arch arm64 -fPIE -miphoneos-version-min=6.0  -I/Users/QbsuranAlang/Desktop/libnids/dependencies/iPhoneOS/include -isysroot /Applications/Xcode.app/Contents/Developer/Platforms/iPhoneOS.platform/Developer/SDKs/iPhoneOS8.3.sdk  conftest.c >&5
configure:3057: $? = 0
configure:3060: test -z 			 || test ! -s conftest.err
configure:3063: $? = 0
configure:3066: test -s conftest.o
configure:3069: $? = 0
configure:3079: result: yes
configure:3083: checking syslog.h presence
configure:3093: /Applications/Xcode.app/Contents/Developer/usr/bin/gcc -E  conftest.c
configure:3099: $? = 0
configure:3119: result: yes
configure:3154: checking for syslog.h
configure:3161: result: yes
configure:3030: checking for unistd.h
configure:3035: result: yes
configure:3175: checking for an ANSI C-conforming const
configure:3242: /Applications/Xcode.app/Contents/Developer/usr/bin/gcc -c  -g -O0 -D__APPLE_USE_RFC_3542 -arch arm64 -fPIE -miphoneos-version-min=6.0  -I/Users/QbsuranAlang/Desktop/libnids/dependencies/iPhoneOS/include -isysroot /Applications/Xcode.app/Contents/Developer/Platforms/iPhoneOS.platform/Developer/SDKs/iPhoneOS8.3.sdk  conftest.c >&5
configure:3248: $? = 0
configure:3251: test -z 			 || test ! -s conftest.err
configure:3254: $? = 0
configure:3257: test -s conftest.o
configure:3260: $? = 0
configure:3271: result: yes
configure:3281: checking for inline
configure:3302: /Applications/Xcode.app/Contents/Developer/usr/bin/gcc -c  -g -O0 -D__APPLE_USE_RFC_3542 -arch arm64 -fPIE -miphoneos-version-min=6.0  -I/Users/QbsuranAlang/Desktop/libnids/dependencies/iPhoneOS/include -isysroot /Applications/Xcode.app/Contents/Developer/Platforms/iPhoneOS.platform/Developer/SDKs/iPhoneOS8.3.sdk  conftest.c >&5
configure:3308: $? = 0
configure:3311: test -z 			 || test ! -s conftest.err
configure:3314: $? = 0
configure:3317: test -s conftest.o
configure:3320: $? = 0
configure:3332: result: inline
configure:3351: checking whether time.h and sys/time.h may both be included
configure:3376: /Applications/Xcode.app/Contents/Developer/usr/bin/gcc -c  -g -O0 -D__APPLE_USE_RFC_3542 -arch arm64 -fPIE -miphoneos-version-min=6.0  -I/Users/QbsuranAlang/Desktop/libnids/dependencies/iPhoneOS/include -isysroot /Applications/Xcode.app/Contents/Developer/Platforms/iPhoneOS.platform/Developer/SDKs/iPhoneOS8.3.sdk  conftest.c >&5
configure:3382: $? = 0
configure:3385: test -z 			 || test ! -s conftest.err
configure:3388: $? = 0
configure:3391: test -s conftest.o
configure:3394: $? = 0
configure:3405: result: yes
configure:3415: checking whether byte ordering is bigendian
configure:3442: /Applications/Xcode.app/Contents/Developer/usr/bin/gcc -c  -g -O0 -D__APPLE_USE_RFC_3542 -arch arm64 -fPIE -miphoneos-version-min=6.0  -I/Users/QbsuranAlang/Desktop/libnids/dependencies/iPhoneOS/include -isysroot /Applications/Xcode.app/Contents/Developer/Platforms/iPhoneOS.platform/Developer/SDKs/iPhoneOS8.3.sdk  conftest.c >&5
configure:3448: $? = 0
configure:3451: test -z 			 || test ! -s conftest.err
configure:3454: $? = 0
configure:3457: test -s conftest.o
configure:3460: $? = 0
configure:3484: /Applications/Xcode.app/Contents/Developer/usr/bin/gcc -c  -g -O0 -D__APPLE_USE_RFC_3542 -arch arm64 -fPIE -miphoneos-version-min=6.0  -I/Users/QbsuranAlang/Desktop/libnids/dependencies/iPhoneOS/include -isysroot /Applications/Xcode.app/Contents/Developer/Platforms/iPhoneOS.platform/Developer/SDKs/iPhoneOS8.3.sdk  conftest.c >&5
conftest.c:30:2: error: use of undeclared identifier 'not'
 not big endian
 ^
1 error generated.
configure:3490: $? = 1
configure: failed program was:
| /* confdefs.h.  */
| 
| #define PACKAGE_NAME ""
| #define PACKAGE_TARNAME ""
| #define PACKAGE_VERSION ""
| #define PACKAGE_STRING ""
| #define PACKAGE_BUGREPORT ""
| #define STDC_HEADERS 1
| #define HAVE_SYS_TYPES_H 1
| #define HAVE_SYS_STAT_H 1
| #define HAVE_STDLIB_H 1
| #define HAVE_STRING_H 1
| #define HAVE_MEMORY_H 1
| #define HAVE_STRINGS_H 1
| #define HAVE_INTTYPES_H 1
| #define HAVE_STDINT_H 1
| #define HAVE_UNISTD_H 1
| #define HAVE_SYS_TIME_H 1
| #define HAVE_SYSLOG_H 1
| #define HAVE_UNISTD_H 1
| #define TIME_WITH_SYS_TIME 1
| /* end confdefs.h.  */
| #include <sys/types.h>
| #include <sys/param.h>
| 
| int
| main ()
| {
| #if BYTE_ORDER != BIG_ENDIAN
|  not big endian
| #endif
| 
|   ;
|   return 0;
| }
configure:3623: result: no
configure:3648: checking for gettimeofday
configure:3705: /Applications/Xcode.app/Contents/Developer/usr/bin/gcc -o conftest  -g -O0 -D__APPLE_USE_RFC_3542 -arch arm64 -fPIE -miphoneos-version-min=6.0  -I/Users/QbsuranAlang/Desktop/libnids/dependencies/iPhoneOS/include -isysroot /Applications/Xcode.app/Contents/Developer/Platforms/iPhoneOS.platform/Developer/SDKs/iPhoneOS8.3.sdk -D_BSD_SOURCE   -arch arm64 -fPIE -miphoneos-version-min=6.0  conftest.c  >&5
configure:3711: $? = 0
configure:3714: test -z 			 || test ! -s conftest.err
configure:3717: $? = 0
configure:3720: test -s conftest
configure:3723: $? = 0
configure:3735: result: yes
configure:3746: checking for socket in -lsocket
configure:3776: /Applications/Xcode.app/Contents/Developer/usr/bin/gcc -o conftest  -g -O0 -D__APPLE_USE_RFC_3542 -arch arm64 -fPIE -miphoneos-version-min=6.0  -I/Users/QbsuranAlang/Desktop/libnids/dependencies/iPhoneOS/include -isysroot /Applications/Xcode.app/Contents/Developer/Platforms/iPhoneOS.platform/Developer/SDKs/iPhoneOS8.3.sdk -D_BSD_SOURCE   -arch arm64 -fPIE -miphoneos-version-min=6.0  conftest.c -lsocket   >&5
ld: library not found for -lsocket
clang: error: linker command failed with exit code 1 (use -v to see invocation)
configure:3782: $? = 1
configure: failed program was:
| /* confdefs.h.  */
| 
| #define PACKAGE_NAME ""
| #define PACKAGE_TARNAME ""
| #define PACKAGE_VERSION ""
| #define PACKAGE_STRING ""
| #define PACKAGE_BUGREPORT ""
| #define STDC_HEADERS 1
| #define HAVE_SYS_TYPES_H 1
| #define HAVE_SYS_STAT_H 1
| #define HAVE_STDLIB_H 1
| #define HAVE_STRING_H 1
| #define HAVE_MEMORY_H 1
| #define HAVE_STRINGS_H 1
| #define HAVE_INTTYPES_H 1
| #define HAVE_STDINT_H 1
| #define HAVE_UNISTD_H 1
| #define HAVE_SYS_TIME_H 1
| #define HAVE_SYSLOG_H 1
| #define HAVE_UNISTD_H 1
| #define TIME_WITH_SYS_TIME 1
| #define HAVE_GETTIMEOFDAY 1
| /* end confdefs.h.  */
| 
| /* Override any gcc2 internal prototype to avoid an error.  */
| #ifdef __cplusplus
| extern "C"
| #endif
| /* We use char because int might match the return type of a gcc2
|    builtin and then its argument prototype would still apply.  */
| char socket ();
| int
| main ()
| {
| socket ();
|   ;
|   return 0;
| }
configure:3807: result: no
configure:3819: checking for gethostbyname in -lnsl
configure:3849: /Applications/Xcode.app/Contents/Developer/usr/bin/gcc -o conftest  -g -O0 -D__APPLE_USE_RFC_3542 -arch arm64 -fPIE -miphoneos-version-min=6.0  -I/Users/QbsuranAlang/Desktop/libnids/dependencies/iPhoneOS/include -isysroot /Applications/Xcode.app/Contents/Developer/Platforms/iPhoneOS.platform/Developer/SDKs/iPhoneOS8.3.sdk -D_BSD_SOURCE   -arch arm64 -fPIE -miphoneos-version-min=6.0  conftest.c -lnsl   >&5
ld: library not found for -lnsl
clang: error: linker command failed with exit code 1 (use -v to see invocation)
configure:3855: $? = 1
configure: failed program was:
| /* confdefs.h.  */
| 
| #define PACKAGE_NAME ""
| #define PACKAGE_TARNAME ""
| #define PACKAGE_VERSION ""
| #define PACKAGE_STRING ""
| #define PACKAGE_BUGREPORT ""
| #define STDC_HEADERS 1
| #define HAVE_SYS_TYPES_H 1
| #define HAVE_SYS_STAT_H 1
| #define HAVE_STDLIB_H 1
| #define HAVE_STRING_H 1
| #define HAVE_MEMORY_H 1
| #define HAVE_STRINGS_H 1
| #define HAVE_INTTYPES_H 1
| #define HAVE_STDINT_H 1
| #define HAVE_UNISTD_H 1
| #define HAVE_SYS_TIME_H 1
| #define HAVE_SYSLOG_H 1
| #define HAVE_UNISTD_H 1
| #define TIME_WITH_SYS_TIME 1
| #define HAVE_GETTIMEOFDAY 1
| /* end confdefs.h.  */
| 
| /* Override any gcc2 internal prototype to avoid an error.  */
| #ifdef __cplusplus
| extern "C"
| #endif
| /* We use char because int might match the return type of a gcc2
|    builtin and then its argument prototype would still apply.  */
| char gethostbyname ();
| int
| main ()
| {
| gethostbyname ();
|   ;
|   return 0;
| }
configure:3880: result: no
configure:3908: checking for libpcap
configure:3920: result: /Users/QbsuranAlang/Desktop/libnids/libpcap-1.6.2
configure:4020: checking for arm-apple-darwin-pkg-config
configure:4053: result: no
configure:4062: checking for pkg-config
configure:4080: found /usr/local/bin/pkg-config
configure:4092: result: /usr/local/bin/pkg-config
configure:4107: checking pkg-config is at least version 0.9.0
configure:4110: result: yes
configure:4121: checking for GLIB
configure:4126: $PKG_CONFIG --exists --print-errors "glib-2.0 >= 2.2.0"
configure:4129: $? = 0
configure:4140: $PKG_CONFIG --exists --print-errors "glib-2.0 >= 2.2.0"
configure:4143: $? = 0
configure:4198: result: yes
configure:4203: checking for GTHREAD
configure:4208: $PKG_CONFIG --exists --print-errors "gthread-2.0 >= 2.2.0"
configure:4211: $? = 0
configure:4222: $PKG_CONFIG --exists --print-errors "gthread-2.0 >= 2.2.0"
configure:4225: $? = 0
configure:4280: result: yes
configure:4285: checking for g_thread_init in -lgthread-2.0
configure:4315: /Applications/Xcode.app/Contents/Developer/usr/bin/gcc -o conftest  -g -O0 -D__APPLE_USE_RFC_3542 -arch arm64 -fPIE -miphoneos-version-min=6.0  -I/Users/QbsuranAlang/Desktop/libnids/dependencies/iPhoneOS/include -isysroot /Applications/Xcode.app/Contents/Developer/Platforms/iPhoneOS.platform/Developer/SDKs/iPhoneOS8.3.sdk -D_BSD_SOURCE   -arch arm64 -fPIE -miphoneos-version-min=6.0  conftest.c -lgthread-2.0 -L/usr/local/Cellar/glib/2.42.1/lib -L/usr/local/opt/gettext/lib -lgthread-2.0 -lglib-2.0 -lintl   >&5
ld: warning: ld: warning: ld: warning: ignoring file /usr/local/Cellar/glib/2.42.1/lib/libglib-2.0.dylib, file was built for x86_64 which is not the architecture being linked (arm64): /usr/local/Cellar/glib/2.42.1/lib/libglib-2.0.dylibignoring file /usr/local/Cellar/glib/2.42.1/lib/libgthread-2.0.dylib, file was built for x86_64 which is not the architecture being linked (arm64): /usr/local/Cellar/glib/2.42.1/lib/libgthread-2.0.dylibignoring file /usr/local/opt/gettext/lib/libintl.dylib, file was built for x86_64 which is not the architecture being linked (arm64): /usr/local/opt/gettext/lib/libintl.dylib


Undefined symbols for architecture arm64:
  "_g_thread_init", referenced from:
      _main in conftest-7d72ed.o
ld: symbol(s) not found for architecture arm64
clang: error: linker command failed with exit code 1 (use -v to see invocation)
configure:4321: $? = 1
configure: failed program was:
| /* confdefs.h.  */
| 
| #define PACKAGE_NAME ""
| #define PACKAGE_TARNAME ""
| #define PACKAGE_VERSION ""
| #define PACKAGE_STRING ""
| #define PACKAGE_BUGREPORT ""
| #define STDC_HEADERS 1
| #define HAVE_SYS_TYPES_H 1
| #define HAVE_SYS_STAT_H 1
| #define HAVE_STDLIB_H 1
| #define HAVE_STRING_H 1
| #define HAVE_MEMORY_H 1
| #define HAVE_STRINGS_H 1
| #define HAVE_INTTYPES_H 1
| #define HAVE_STDINT_H 1
| #define HAVE_UNISTD_H 1
| #define HAVE_SYS_TIME_H 1
| #define HAVE_SYSLOG_H 1
| #define HAVE_UNISTD_H 1
| #define TIME_WITH_SYS_TIME 1
| #define HAVE_GETTIMEOFDAY 1
| #define LBL_ALIGN 1
| /* end confdefs.h.  */
| 
| /* Override any gcc2 internal prototype to avoid an error.  */
| #ifdef __cplusplus
| extern "C"
| #endif
| /* We use char because int might match the return type of a gcc2
|    builtin and then its argument prototype would still apply.  */
| char g_thread_init ();
| int
| main ()
| {
| g_thread_init ();
|   ;
|   return 0;
| }
configure:4346: result: no
configure:4363: checking for libnet
configure:4400: result: /Users/QbsuranAlang/Desktop/libnids/libnet-1.2-rc3
configure:4457: /Applications/Xcode.app/Contents/Developer/usr/bin/gcc -o conftest  -g -O0 -D__APPLE_USE_RFC_3542 -arch arm64 -fPIE -miphoneos-version-min=6.0  -I/Users/QbsuranAlang/Desktop/libnids/dependencies/iPhoneOS/include -isysroot /Applications/Xcode.app/Contents/Developer/Platforms/iPhoneOS.platform/Developer/SDKs/iPhoneOS8.3.sdk -D_BSD_SOURCE -I/Users/QbsuranAlang/Desktop/libnids/libnet-1.2-rc3/include -DHAVE_SOCKADDR_SA_LEN -DLIBNET_BSDISH_OS -DLIBNET_BSD_BYTE_SWAP   -arch arm64 -fPIE -miphoneos-version-min=6.0  conftest.c -L/Users/QbsuranAlang/Desktop/libnids/libnet-1.2-rc3/lib -lnet  >&5
configure:4463: $? = 0
configure:4466: test -z 			 || test ! -s conftest.err
configure:4469: $? = 0
configure:4472: test -s conftest
configure:4475: $? = 0
configure:4490: result: yes
configure:4504: checking whether to build shared library
configure:4516: result: no
configure:4532: checking the name of struct icmp
configure:4553: /Applications/Xcode.app/Contents/Developer/usr/bin/gcc -c  -g -O0 -D__APPLE_USE_RFC_3542 -arch arm64 -fPIE -miphoneos-version-min=6.0  -I/Users/QbsuranAlang/Desktop/libnids/dependencies/iPhoneOS/include -isysroot /Applications/Xcode.app/Contents/Developer/Platforms/iPhoneOS.platform/Developer/SDKs/iPhoneOS8.3.sdk -D_BSD_SOURCE  conftest.c >&5
conftest.c:32:16: error: variable has incomplete type 'struct icmphdr'
struct icmphdr h;int c=h.type
               ^
conftest.c:32:8: note: forward declaration of 'struct icmphdr'
struct icmphdr h;int c=h.type
       ^
1 error generated.
configure:4559: $? = 1
configure: failed program was:
| /* confdefs.h.  */
| 
| #define PACKAGE_NAME ""
| #define PACKAGE_TARNAME ""
| #define PACKAGE_VERSION ""
| #define PACKAGE_STRING ""
| #define PACKAGE_BUGREPORT ""
| #define STDC_HEADERS 1
| #define HAVE_SYS_TYPES_H 1
| #define HAVE_SYS_STAT_H 1
| #define HAVE_STDLIB_H 1
| #define HAVE_STRING_H 1
| #define HAVE_MEMORY_H 1
| #define HAVE_STRINGS_H 1
| #define HAVE_INTTYPES_H 1
| #define HAVE_STDINT_H 1
| #define HAVE_UNISTD_H 1
| #define HAVE_SYS_TIME_H 1
| #define HAVE_SYSLOG_H 1
| #define HAVE_UNISTD_H 1
| #define TIME_WITH_SYS_TIME 1
| #define HAVE_GETTIMEOFDAY 1
| #define LBL_ALIGN 1
| /* end confdefs.h.  */
| #include <sys/types.h>
| #include <netinet/in.h>
| #include <netinet/ip.h>
| #include <netinet/ip_icmp.h>
| int
| main ()
| {
| struct icmphdr h;int c=h.type
|   ;
|   return 0;
| }
configure:4584: result: struct icmp
configure:4587: checking if tcp states are defined
configure:4607: /Applications/Xcode.app/Contents/Developer/usr/bin/gcc -c  -g -O0 -D__APPLE_USE_RFC_3542 -arch arm64 -fPIE -miphoneos-version-min=6.0  -I/Users/QbsuranAlang/Desktop/libnids/dependencies/iPhoneOS/include -isysroot /Applications/Xcode.app/Contents/Developer/Platforms/iPhoneOS.platform/Developer/SDKs/iPhoneOS8.3.sdk -D_BSD_SOURCE  conftest.c >&5
conftest.c:31:7: error: use of undeclared identifier 'TCP_ESTABLISHED'
int c=TCP_ESTABLISHED
      ^
1 error generated.
configure:4613: $? = 1
configure: failed program was:
| /* confdefs.h.  */
| 
| #define PACKAGE_NAME ""
| #define PACKAGE_TARNAME ""
| #define PACKAGE_VERSION ""
| #define PACKAGE_STRING ""
| #define PACKAGE_BUGREPORT ""
| #define STDC_HEADERS 1
| #define HAVE_SYS_TYPES_H 1
| #define HAVE_SYS_STAT_H 1
| #define HAVE_STDLIB_H 1
| #define HAVE_STRING_H 1
| #define HAVE_MEMORY_H 1
| #define HAVE_STRINGS_H 1
| #define HAVE_INTTYPES_H 1
| #define HAVE_STDINT_H 1
| #define HAVE_UNISTD_H 1
| #define HAVE_SYS_TIME_H 1
| #define HAVE_SYSLOG_H 1
| #define HAVE_UNISTD_H 1
| #define TIME_WITH_SYS_TIME 1
| #define HAVE_GETTIMEOFDAY 1
| #define LBL_ALIGN 1
| /* end confdefs.h.  */
| #include <sys/types.h>
| #include <netinet/in.h>
| #include <netinet/tcp.h>
| int
| main ()
| {
| int c=TCP_ESTABLISHED
|   ;
|   return 0;
| }
configure:4638: result: no
configure:4642: checking for bsd-ish struct udphdr
configure:4662: /Applications/Xcode.app/Contents/Developer/usr/bin/gcc -c  -g -O0 -D__APPLE_USE_RFC_3542 -arch arm64 -fPIE -miphoneos-version-min=6.0  -I/Users/QbsuranAlang/Desktop/libnids/dependencies/iPhoneOS/include -isysroot /Applications/Xcode.app/Contents/Developer/Platforms/iPhoneOS.platform/Developer/SDKs/iPhoneOS8.3.sdk -D_BSD_SOURCE  conftest.c >&5
configure:4668: $? = 0
configure:4671: test -z 			 || test ! -s conftest.err
configure:4674: $? = 0
configure:4677: test -s conftest.o
configure:4680: $? = 0
configure:4692: result: yes
configure:4699: checking libnet version
configure:4717: /Applications/Xcode.app/Contents/Developer/usr/bin/gcc -c  -g -O0 -D__APPLE_USE_RFC_3542 -arch arm64 -fPIE -miphoneos-version-min=6.0  -I/Users/QbsuranAlang/Desktop/libnids/dependencies/iPhoneOS/include -isysroot /Applications/Xcode.app/Contents/Developer/Platforms/iPhoneOS.platform/Developer/SDKs/iPhoneOS8.3.sdk -D_BSD_SOURCE -I/Users/QbsuranAlang/Desktop/libnids/libnet-1.2-rc3/include -DHAVE_SOCKADDR_SA_LEN -DLIBNET_BSDISH_OS -DLIBNET_BSD_BYTE_SWAP  conftest.c >&5
configure:4723: $? = 0
configure:4726: test -z 			 || test ! -s conftest.err
configure:4729: $? = 0
configure:4732: test -s conftest.o
configure:4735: $? = 0
configure:4747: result: looks new
configure:4849: creating ./config.status

## ---------------------- ##
## Running config.status. ##
## ---------------------- ##

This file was extended by config.status, which was
generated by GNU Autoconf 2.59.  Invocation command line was

  CONFIG_FILES    = 
  CONFIG_HEADERS  = 
  CONFIG_LINKS    = 
  CONFIG_COMMANDS = 
  $ ./config.status 

on TU-MacBook-Pro-Retina.local

config.status:719: creating Makefile
config.status:719: creating src/Makefile
config.status:719: creating samples/Makefile
config.status:785: creating src/config.h
config.status:899: src/config.h is unchanged

## ---------------- ##
## Cache variables. ##
## ---------------- ##

ac_cv_build=i386-apple-darwin14.4.0
ac_cv_build_alias=i386-apple-darwin14.4.0
ac_cv_c_bigendian=no
ac_cv_c_compiler_gnu=yes
ac_cv_c_const=yes
ac_cv_c_inline=inline
ac_cv_env_CC_set=set
ac_cv_env_CC_value=/Applications/Xcode.app/Contents/Developer/usr/bin/gcc
ac_cv_env_CFLAGS_set=set
ac_cv_env_CFLAGS_value=' -g -O0 -D__APPLE_USE_RFC_3542 -arch arm64 -fPIE -miphoneos-version-min=6.0  -I/Users/QbsuranAlang/Desktop/libnids/dependencies/iPhoneOS/include -isysroot /Applications/Xcode.app/Contents/Developer/Platforms/iPhoneOS.platform/Developer/SDKs/iPhoneOS8.3.sdk'
ac_cv_env_CPPFLAGS_set=
ac_cv_env_CPPFLAGS_value=
ac_cv_env_CPP_set=
ac_cv_env_CPP_value=
ac_cv_env_GLIB_CFLAGS_set=
ac_cv_env_GLIB_CFLAGS_value=
ac_cv_env_GLIB_LIBS_set=
ac_cv_env_GLIB_LIBS_value=
ac_cv_env_GTHREAD_CFLAGS_set=
ac_cv_env_GTHREAD_CFLAGS_value=
ac_cv_env_GTHREAD_LIBS_set=
ac_cv_env_GTHREAD_LIBS_value=
ac_cv_env_LDFLAGS_set=set
ac_cv_env_LDFLAGS_value=' -arch arm64 -fPIE -miphoneos-version-min=6.0 '
ac_cv_env_PKG_CONFIG_set=
ac_cv_env_PKG_CONFIG_value=
ac_cv_env_build_alias_set=
ac_cv_env_build_alias_value=
ac_cv_env_host_alias_set=set
ac_cv_env_host_alias_value=arm-apple-darwin
ac_cv_env_target_alias_set=
ac_cv_env_target_alias_value=
ac_cv_exeext=
ac_cv_func_gettimeofday=yes
ac_cv_header_inttypes_h=yes
ac_cv_header_memory_h=yes
ac_cv_header_stdc=yes
ac_cv_header_stdint_h=yes
ac_cv_header_stdlib_h=yes
ac_cv_header_string_h=yes
ac_cv_header_strings_h=yes
ac_cv_header_sys_stat_h=yes
ac_cv_header_sys_time_h=yes
ac_cv_header_sys_types_h=yes
ac_cv_header_syslog_h=yes
ac_cv_header_time=yes
ac_cv_header_unistd_h=yes
ac_cv_host=arm-apple-darwin
ac_cv_host_alias=arm-apple-darwin
ac_cv_lbl_unaligned_fail=yes
ac_cv_lib_gthread_2_0_g_thread_init=no
ac_cv_lib_nsl_gethostbyname=no
ac_cv_lib_socket_socket=no
ac_cv_objext=o
ac_cv_path_ac_pt_PKG_CONFIG=/usr/local/bin/pkg-config
ac_cv_path_install='/usr/bin/install -c'
ac_cv_prog_CC=/Applications/Xcode.app/Contents/Developer/usr/bin/gcc
ac_cv_prog_CPP='/Applications/Xcode.app/Contents/Developer/usr/bin/gcc -E'
ac_cv_prog_ac_ct_RANLIB=ranlib
ac_cv_prog_cc_g=yes
ac_cv_prog_cc_stdc=
ac_cv_prog_egrep='grep -E'
ac_cv_target=arm-apple-darwin
ac_cv_target_alias=arm-apple-darwin
pkg_cv_GLIB_CFLAGS='-I/usr/local/Cellar/glib/2.42.1/include/glib-2.0 -I/usr/local/Cellar/glib/2.42.1/lib/glib-2.0/include -I/usr/local/opt/gettext/include '
pkg_cv_GLIB_LIBS='-L/usr/local/Cellar/glib/2.42.1/lib -L/usr/local/opt/gettext/lib -lglib-2.0 -lintl '
pkg_cv_GTHREAD_CFLAGS='-D_REENTRANT -I/usr/local/Cellar/glib/2.42.1/include/glib-2.0 -I/usr/local/Cellar/glib/2.42.1/lib/glib-2.0/include -I/usr/local/opt/gettext/include '
pkg_cv_GTHREAD_LIBS='-L/usr/local/Cellar/glib/2.42.1/lib -L/usr/local/opt/gettext/lib -lgthread-2.0 -lglib-2.0 -lintl '

## ----------------- ##
## Output variables. ##
## ----------------- ##

BUILD_SHARED=''
CC='/Applications/Xcode.app/Contents/Developer/usr/bin/gcc'
CFLAGS=' -g -O0 -D__APPLE_USE_RFC_3542 -arch arm64 -fPIE -miphoneos-version-min=6.0  -I/Users/QbsuranAlang/Desktop/libnids/dependencies/iPhoneOS/include -isysroot /Applications/Xcode.app/Contents/Developer/Platforms/iPhoneOS.platform/Developer/SDKs/iPhoneOS8.3.sdk -D_BSD_SOURCE'
CPP='/Applications/Xcode.app/Contents/Developer/usr/bin/gcc -E'
CPPFLAGS=''
DEFS='-DHAVE_CONFIG_H'
ECHO_C='ECHO_N=''
ECHO_T=''
EGREP='grep -E'
EXEEXT=''
GLIB_CFLAGS='-I/usr/local/Cellar/glib/2.42.1/include/glib-2.0 -I/usr/local/Cellar/glib/2.42.1/lib/glib-2.0/include -I/usr/local/opt/gettext/include '
GLIB_LIBS='-L/usr/local/Cellar/glib/2.42.1/lib -L/usr/local/opt/gettext/lib -lglib-2.0 -lintl '
GTHREAD_CFLAGS='-D_REENTRANT -I/usr/local/Cellar/glib/2.42.1/include/glib-2.0 -I/usr/local/Cellar/glib/2.42.1/lib/glib-2.0/include -I/usr/local/opt/gettext/include '
GTHREAD_LIBS='-L/usr/local/Cellar/glib/2.42.1/lib -L/usr/local/opt/gettext/lib -lgthread-2.0 -lglib-2.0 -lintl '
HAVE_BSD_UDPHDR='1'
ICMPHEADER='0'
INSTALL_DATA='${INSTALL} -m 644'
INSTALL_PROGRAM='${INSTALL}'
INSTALL_SCRIPT='${INSTALL}'
LDFLAGS=' -arch arm64 -fPIE -miphoneos-version-min=6.0 '
LIBNET_VER='1'
LIBOBJS=''
LIBS=''
LNETLIB='-lnet'
LNET_CFLAGS='-I/Users/QbsuranAlang/Desktop/libnids/libnet-1.2-rc3/include -DHAVE_SOCKADDR_SA_LEN -DLIBNET_BSDISH_OS -DLIBNET_BSD_BYTE_SWAP'
LTLIBOBJS=''
OBJEXT='o'
PACKAGE_BUGREPORT=''
PACKAGE_NAME=''
PACKAGE_STRING=''
PACKAGE_TARNAME=''
PACKAGE_VERSION=''
PATH_SEPARATOR=':'
PCAPLIB='-L/Users/QbsuranAlang/Desktop/libnids/libpcap-1.6.2 -lpcap'
PCAP_CFLAGS='-I/Users/QbsuranAlang/Desktop/libnids/libpcap-1.6.2 -I/Users/QbsuranAlang/Desktop/libnids/libpcap-1.6.2/bpf'
PKG_CONFIG='/usr/local/bin/pkg-config'
RANLIB='ranlib'
SHELL='/bin/sh'
TCPSTATES='0'
ac_ct_CC=''
ac_ct_RANLIB='ranlib'
ac_pt_PKG_CONFIG='/usr/local/bin/pkg-config'
bindir='${exec_prefix}/bin'
build='i386-apple-darwin14.4.0'
build_alias=''
build_cpu='i386'
build_os='darwin14.4.0'
build_vendor='apple'
datadir='${prefix}/share'
exec_prefix='/Users/QbsuranAlang/Desktop/libnids/build/built/iPhoneOS8.3-arm64.sdk'
host='arm-apple-darwin'
host_alias='arm-apple-darwin'
host_cpu='arm'
host_os='darwin'
host_vendor='apple'
includedir='${prefix}/include'
infodir='${prefix}/info'
libdir='${exec_prefix}/lib'
libexecdir='${exec_prefix}/libexec'
localstatedir='${prefix}/var'
mandir='${prefix}/man'
oldincludedir='/usr/include'
prefix='/Users/QbsuranAlang/Desktop/libnids/build/built/iPhoneOS8.3-arm64.sdk'
program_transform_name='s,x,x,'
sbindir='${exec_prefix}/sbin'
sharedstatedir='${prefix}/com'
sysconfdir='${prefix}/etc'
target='arm-apple-darwin'
target_alias=''
target_cpu='arm'
target_os='darwin'
target_vendor='apple'

## ----------- ##
## confdefs.h. ##
## ----------- ##

#define HAVE_GETTIMEOFDAY 1
#define HAVE_INTTYPES_H 1
#define HAVE_MEMORY_H 1
#define HAVE_STDINT_H 1
#define HAVE_STDLIB_H 1
#define HAVE_STRINGS_H 1
#define HAVE_STRING_H 1
#define HAVE_SYSLOG_H 1
#define HAVE_SYS_STAT_H 1
#define HAVE_SYS_TIME_H 1
#define HAVE_SYS_TYPES_H 1
#define HAVE_UNISTD_H 1
#define HAVE_UNISTD_H 1
#define LBL_ALIGN 1
#define PACKAGE_BUGREPORT ""
#define PACKAGE_NAME ""
#define PACKAGE_STRING ""
#define PACKAGE_TARNAME ""
#define PACKAGE_VERSION ""
#define STDC_HEADERS 1
#define TIME_WITH_SYS_TIME 1

configure: exit 0
